
<20171226>[ThanhTuan3] Action:Command Command:pg Args:
<20171226>[ThanhTuan3] Action:Lock Level:sb Coordinate:274,69,465
<20171226>[ThanhTuan3] Action:Command Command:pg Args:
<20171226>[ThanhTuan3] Action:Command Command:pg Args:
<20171226>[ThanhTuan3] Action:Info Level:sb Coordinate:274,69,466
<20171226>[ngu768] Action:Command Command:pg Args:
<20171229>[ThanhTuan3] Action:Command Command:pg Args:
<20171229>[ThanhTuan3] Action:Lock Level:sb Coordinate:-308,74,-644
<20171229>[ThanhTuan3] Action:Command Command:pg Args:
<20171229>[EnderOfIce] Action:Command Command:pg Args:
<20171229>[ThanhTuan3] Action:Lock Level:sb Coordinate:-308,73,-644
<20171229>[EnderOfIce] Action:Info Level:sb Coordinate:-308,74,-644
<20171229>[ThanhTuan3] Action:Command Command:pg Args:
<20171229>[ThanhTuan3] Action:Lock Level:sb Coordinate:-310,73,-644
<20171229>[ThanhTuan3] Action:Command Command:pg Args:
<20171229>[ThanhTuan3] Action:Unlock Level:sb Coordinate:-308,74,-644
<20171229>[ThanhTuan3] Action:Command Command:pg Args:
<20171229>[ThanhTuan3] Action:Unlock Level:sb Coordinate:-308,73,-644
<20171229>[MaxNoobvn] Action:Unlock Level:sb Coordinate:-310,73,-644
<20171229>[ThanhTuan3] Action:Command Command:pg Args:
<20171229>[ThanhTuan3] Action:Unlock Level:sb Coordinate:-310,73,-644
<20171230>[MaxNoobvn] Action:Command Command:pg Args:
<20171230>[MaxNoobvn] Action:Command Command:pg Args:
<20171230>[MaxNoobvn] Action:Lock Level:sb Coordinate:-310,73,-644
<20171230>[EnderOfIce] Action:Command Command:pg Args:
<20171230>[EnderOfIce] Action:Info Level:sb Coordinate:-310,73,-644
<20171230>[EnderOfIce] Action:Unlock Level:sb Coordinate:-310,73,-644
<20171230>[EnderOfIce] Action:Unlock Level:sb Coordinate:-310,73,-644
<20171230>[Tuankiet6666] Action:Command Command:pg Args:
<20171230>[Tuankiet6666] Action:Info Level:sb Coordinate:-310,73,-644
<20171230>[EnderOfIce] Action:Unlock Level:sb Coordinate:-310,73,-644
<20171230>[EnderOfIce] Action:Unlock Level:sb Coordinate:-310,73,-644
<20171230>[MaxNoobvn] Action:Unlock Level:sb Coordinate:-310,73,-644
<20171230>[Night_EnderVN] Action:Command Command:pg Args:
<20171230>[Night_EnderVN] Action:Lock Level:sb Coordinate:-298,71,-639
<20171230>[Night_EnderVN] Action:Unlock Level:sb Coordinate:-298,71,-639
<20171231>[ThanhTuan3] Action:Command Command:pg Args:
<20171231>[ThanhTuan3] Action:Lock Level:sb Coordinate:274,69,463
<20180101>[ThanhTuan3] Action:Command Command:pg Args:
<20180101>[ThanhTuan3] Action:Passlock Passcode:1234 Level:sb Coordinate:-310,73,-644
<20180101>[ThanhTuan3] Action:Command Command:pg Args:
<20180101>[ThanhTuan3] Action:Passlock Passcode:1234 Level:sb Coordinate:-308,74,-644
<20180101>[ThanhTuan3] Action:Command Command:pg Args:
<20180101>[ThanhTuan3] Action:Command Command:pg Args:
<20180101>[ThanhTuan3] Action:Passlock Passcode:1234 Level:sb Coordinate:-312,73,-644
<20180101>[ThanhTuan3] Action:Command Command:pg Args:
<20180101>[ThanhTuan3] Action:Passlock Passcode:1234 Level:sb Coordinate:-313,75,-646
<20180101>[ThanhTuan3] Action:Command Command:pg Args:
<20180101>[ThanhTuan3] Action:Passlock Passcode:1234 Level:sb Coordinate:-313,74,-646
<20180101>[ThanhTuan3] Action:Command Command:pg Args:
<20180101>[ThanhTuan3] Action:Passlock Passcode:1234 Level:sb Coordinate:-313,73,-646
<20180101>[ThanhTuan3] Action:Command Command:pg Args:
<20180101>[ThanhTuan3] Action:Passunlock Level:sb Coordinate:-308,74,-644
<20180101>[ngu768] Action:Command Command:pg Args:
<20180101>[ngu768] Action:Info Level:sb Coordinate:274,69,463
<20180101>[ngu768] Action:Command Command:pg Args:
<20180101>[ThanhTuan3] Action:Command Command:pg Args:
<20180101>[ThanhTuan3] Action:Command Command:pg Args:
<20180101>[ThanhTuan3] Action:Passunlock Level:sb Coordinate:-310,73,-644
<20180101>[ThanhTuan3] Action:Command Command:pg Args:
<20180101>[ThanhTuan3] Action:Passunlock Level:sb Coordinate:-312,73,-644
<20180101>[ThanhTuan3] Action:Command Command:pg Args:
<20180101>[ThanhTuan3] Action:Passunlock Level:sb Coordinate:-313,73,-646
<20180101>[ThanhTuan3] Action:Command Command:pg Args:
<20180101>[ThanhTuan3] Action:Passunlock Level:sb Coordinate:-313,74,-646
<20180101>[ThanhTuan3] Action:Command Command:pg Args:
<20180101>[ThanhTuan3] Action:Passunlock Level:sb Coordinate:-313,75,-646
<20180106>[QuocThai] Action:Command Command:pg Args:
<20180106>[QuocThai] Action:Info Level:sb Coordinate:274,69,463
<20180106>[QuocThai] Action:Unlock Level:sb Coordinate:274,69,463
<20180106>[QuocThai] Action:Unlock Level:sb Coordinate:274,69,463
<20180106>[QuocThai] Action:Unlock Level:sb Coordinate:274,69,463
<20180106>[QuocThai] Action:Unlock Level:sb Coordinate:274,69,463
<20180106>[QuocThai] Action:Unlock Level:sb Coordinate:274,69,463
<20180106>[Night_EnderVN] Action:Command Command:pg Args:
<20180106>[QuocThai] Action:Unlock Level:sb Coordinate:274,69,466
<20180106>[dinhngocduy] Action:Command Command:pg Args:
<20180106>[dinhngocduy] Action:Info Level:sb Coordinate:274,69,466
<20180106>[ThanhTuan3] Action:Command Command:pg Args:
<20180106>[ThanhTuan3] Action:Lock Level:sb Coordinate:187087,69,187089
<20180107>[SlenderZinkai_VN] Action:Command Command:pg Args:
<20180107>[SlenderZinkai_VN] Action:Info Level:sb Coordinate:274,69,463
<20180107>[SlenderZinkai_VN] Action:Command Command:pg Args:
<20180107>[SlenderZinkai_VN] Action:Unlock Level:sb Coordinate:274,69,463
<20180107>[SlenderZinkai_VN] Action:Unlock Level:sb Coordinate:274,69,463
<20180107>[SlenderZinkai_VN] Action:Unlock Level:sb Coordinate:274,69,463
<20180107>[SlenderZinkai_VN] Action:Unlock Level:sb Coordinate:274,69,463
<20180107>[SlenderZinkai_VN] Action:Unlock Level:sb Coordinate:274,69,463
<20180107>[SlenderZinkai_VN] Action:Unlock Level:sb Coordinate:274,69,463
<20180107>[SlenderZinkai_VN] Action:Unlock Level:sb Coordinate:274,69,463
<20180107>[SlenderZinkai_VN] Action:Unlock Level:sb Coordinate:274,69,463
<20180107>[SlenderZinkai_VN] Action:Unlock Level:sb Coordinate:274,69,463
<20180107>[SlenderZinkai_VN] Action:Unlock Level:sb Coordinate:274,69,463
<20180107>[SlenderZinkai_VN] Action:Unlock Level:sb Coordinate:274,69,463
<20180107>[SlenderZinkai_VN] Action:Unlock Level:sb Coordinate:274,69,463
<20180107>[SlenderZinkai_VN] Action:Unlock Level:sb Coordinate:274,69,463
<20180107>[SlenderZinkai_VN] Action:Unlock Level:sb Coordinate:274,69,463
<20180107>[SlenderZinkai_VN] Action:Unlock Level:sb Coordinate:274,69,463
<20180107>[SlenderZinkai_VN] Action:Unlock Level:sb Coordinate:274,69,463
<20180107>[SlenderZinkai_VN] Action:Unlock Level:sb Coordinate:274,69,463
<20180107>[SlenderZinkai_VN] Action:Unlock Level:sb Coordinate:274,69,463
<20180107>[SlenderZinkai_VN] Action:Unlock Level:sb Coordinate:274,69,463
<20180107>[SlenderZinkai_VN] Action:Unlock Level:sb Coordinate:274,69,463
<20180107>[SlenderZinkai_VN] Action:Unlock Level:sb Coordinate:274,69,463
<20180107>[SlenderZinkai_VN] Action:Unlock Level:sb Coordinate:274,69,463
<20180107>[SlenderZinkai_VN] Action:Unlock Level:sb Coordinate:274,69,463
<20180107>[SlenderZinkai_VN] Action:Unlock Level:sb Coordinate:274,69,463
<20180107>[SlenderZinkai_VN] Action:Unlock Level:sb Coordinate:274,69,463
<20180107>[SlenderZinkai_VN] Action:Unlock Level:sb Coordinate:274,69,463
<20180107>[SlenderZinkai_VN] Action:Unlock Level:sb Coordinate:274,69,463
<20180107>[SlenderZinkai_VN] Action:Unlock Level:sb Coordinate:274,69,463
<20180107>[SlenderZinkai_VN] Action:Unlock Level:sb Coordinate:274,69,463
<20180107>[SlenderZinkai_VN] Action:Unlock Level:sb Coordinate:274,69,463
<20180107>[SlenderZinkai_VN] Action:Unlock Level:sb Coordinate:274,69,463
<20180107>[SlenderZinkai_VN] Action:Unlock Level:sb Coordinate:274,69,463
<20180107>[SlenderZinkai_VN] Action:Unlock Level:sb Coordinate:274,69,463
<20180107>[SlenderZinkai_VN] Action:Unlock Level:sb Coordinate:274,69,463
<20180107>[SlenderZinkai_VN] Action:Unlock Level:sb Coordinate:274,69,463
<20180107>[SlenderZinkai_VN] Action:Unlock Level:sb Coordinate:274,69,463
<20180107>[SlenderZinkai_VN] Action:Unlock Level:sb Coordinate:274,69,463
<20180107>[SlenderZinkai_VN] Action:Unlock Level:sb Coordinate:274,69,463
<20180107>[SlenderZinkai_VN] Action:Unlock Level:sb Coordinate:274,69,463
<20180107>[SlenderZinkai_VN] Action:Unlock Level:sb Coordinate:274,69,463
<20180107>[SlenderZinkai_VN] Action:Unlock Level:sb Coordinate:274,69,463
<20180107>[SlenderZinkai_VN] Action:Unlock Level:sb Coordinate:274,69,463
<20180107>[SlenderZinkai_VN] Action:Unlock Level:sb Coordinate:274,69,463
<20180107>[SlenderZinkai_VN] Action:Unlock Level:sb Coordinate:274,69,463
<20180107>[SlenderZinkai_VN] Action:Unlock Level:sb Coordinate:274,69,463
<20180107>[SlenderZinkai_VN] Action:Unlock Level:sb Coordinate:274,69,463
<20180107>[SlenderZinkai_VN] Action:Unlock Level:sb Coordinate:274,69,463
<20180107>[SlenderZinkai_VN] Action:Unlock Level:sb Coordinate:274,69,463
<20180107>[SlenderZinkai_VN] Action:Unlock Level:sb Coordinate:274,69,463
<20180107>[SlenderZinkai_VN] Action:Unlock Level:sb Coordinate:274,69,463
<20180107>[SlenderZinkai_VN] Action:Unlock Level:sb Coordinate:274,69,463
<20180107>[SlenderZinkai_VN] Action:Unlock Level:sb Coordinate:274,69,463
<20180107>[SlenderZinkai_VN] Action:Unlock Level:sb Coordinate:274,69,463
<20180107>[SlenderZinkai_VN] Action:Unlock Level:sb Coordinate:274,69,463
<20180107>[SlenderZinkai_VN] Action:Unlock Level:sb Coordinate:274,69,463
<20180107>[SlenderZinkai_VN] Action:Unlock Level:sb Coordinate:274,69,463
<20180107>[SlenderZinkai_VN] Action:Unlock Level:sb Coordinate:274,69,463
<20180107>[SlenderZinkai_VN] Action:Unlock Level:sb Coordinate:274,69,463
<20180107>[SlenderZinkai_VN] Action:Unlock Level:sb Coordinate:274,69,463
<20180107>[SlenderZinkai_VN] Action:Unlock Level:sb Coordinate:274,69,463
<20180107>[SlenderZinkai_VN] Action:Unlock Level:sb Coordinate:274,69,463
<20180107>[SlenderZinkai_VN] Action:Unlock Level:sb Coordinate:274,69,463
<20180107>[SlenderZinkai_VN] Action:Unlock Level:sb Coordinate:274,69,463
<20180107>[SlenderZinkai_VN] Action:Unlock Level:sb Coordinate:274,69,463
<20180107>[SlenderZinkai_VN] Action:Command Command:pg Args:
<20180107>[SlenderZinkai_VN] Action:Info Level:sb Coordinate:274,69,463
<20180107>[SlenderZinkai_VN] Action:Command Command:pg Args:
<20180107>[SlenderZinkai_VN] Action:Passlock Passcode:123456 Level:sb Coordinate:275,69,461
<20180107>[SlenderZinkai_VN] Action:Unlock Level:sb Coordinate:275,69,461
<20180110>[LyricalPuppy624] Action:Command Command:pg Args:
<20180110>[LyricalPuppy624] Action:Lock Level:sb Coordinate:87,69,276
<20180110>[LyricalPuppy624] Action:Command Command:pg Args:
<20180110>[LyricalPuppy624] Action:Lock Level:sb Coordinate:87,70,276
<20180110>[LyricalPuppy624] Action:Command Command:pg Args:
<20180110>[LyricalPuppy624] Action:Command Command:pg Args:
<20180112>[Anh_Knight] Action:Command Command:pg Args:
<20180112>[Anh_Knight] Action:Info Level:sb Coordinate:187087,69,187089
<20180112>[Anh_Knight] Action:Unlock Level:sb Coordinate:187087,69,187089
<20180112>[Anh_Knight] Action:Unlock Level:sb Coordinate:187087,69,187089
<20180112>[Anh_Knight] Action:Unlock Level:sb Coordinate:187087,69,187089
<20180112>[Anh_Knight] Action:Unlock Level:sb Coordinate:187087,69,187089
<20180112>[Anh_Knight] Action:Command Command:pg Args:
<20180112>[Anh_Knight] Action:Info Level:sb Coordinate:187087,69,187089
<20180112>[CrispyBench392] Action:Command Command:pg Args:
<20180112>[CrispyBench392] Action:Lock Level:sb Coordinate:1022,69,-472
<20180112>[CrispyBench392] Action:Command Command:pg Args:
<20180112>[CrispyBench392] Action:Command Command:pg Args:
<20180112>[CrispyBench392] Action:Command Command:pg Args:
<20180112>[CrispyBench392] Action:Unlock Level:sb Coordinate:1022,69,-472
<20180112>[SlenderZinkai_VN] Action:Command Command:pg Args:
<20180112>[SlenderZinkai_VN] Action:Passlock Passcode:987654321 Level:sb Coordinate:1022,70,461
<20180112>[SlenderZinkai_VN] Action:Command Command:pg Args:
<20180112>[SlenderZinkai_VN] Action:Passlock Passcode:123456789 Level:sb Coordinate:1022,69,461
<20180112>[SlenderZinkai_VN] Action:Command Command:pg Args:
<20180112>[SlenderZinkai_VN] Action:Passlock Passcode:19921993 Level:sb Coordinate:1022,69,463
<20180112>[SlenderZinkai_VN] Action:Command Command:pg Args:
<20180112>[SlenderZinkai_VN] Action:Passlock Passcode:nightendervn Level:sb Coordinate:1022,70,463
