TerminatorVN Crash Dump Sun Jan 7 03:44:59 UTC 2018

Error: Class TT\Main not found
File: /src/spl/BaseClassLoader
Line: 144
Type: notice

THIS CRASH WAS CAUSED BY A PLUGIN

Code:
[135] 
[136] 			if(method_exists($name, "onClassLoaded") and (new ReflectionClass($name))->getMethod("onClassLoaded")->isStatic()){
[137] 				$name::onClassLoaded();
[138] 			}
[139] 			
[140] 			$this->classes[] = $name;
[141] 
[142] 			return true;
[143] 		}elseif($this->getParent() === null){
[144] 			throw new ClassNotFoundException("Class $name not found");
[145] 		}
[146] 
[147] 		return false;
[148] 	}
[149] 
[150] 	/**
[151] 	 * Returns the path for the class, if any
[152] 	 *
[153] 	 * @param string $name
[154] 	 *

Backtrace:
#0 (): spl_autoload_call(string TT\Main)
#1 /src/pocketmine/plugin/FolderPluginLoader(76): class_exists(string TT\Main, boolean 1)
#2 /src/pocketmine/plugin/PluginManager(159): pocketmine\plugin\FolderPluginLoader->loadPlugin(string /storage/emulated/0/PocketMine/plugins/MineLevel_By_ThanhTuan)
#3 /src/pocketmine/plugin/PluginManager(346): pocketmine\plugin\PluginManager->loadPlugin(string /storage/emulated/0/PocketMine/plugins/MineLevel_By_ThanhTuan, array Array())
#4 /src/pocketmine/Server(1889): pocketmine\plugin\PluginManager->loadPlugins(string /storage/emulated/0/PocketMine/plugins/)
#5 /src/pocketmine/PocketMine(492): pocketmine\Server->__construct(BaseClassLoader object, pocketmine\utils\MainLogger object, string phar:///storage/emulated/0/PocketMine/PocketMine-MP.phar/, string /storage/emulated/0/PocketMine/, string /storage/emulated/0/PocketMine/plugins/)
#6 (1): require_once(string phar:///storage/emulated/0/PocketMine/PocketMine-MP.phar/src/pocketmine/PocketMine.php)

TerminatorVN version: 0000000000000000000000000000000000000000 [Protocol 113; API 3.0.1]
uname -a: Linux localhost 3.18.14-12149057 #1 SMP PREEMPT Fri Nov 10 12:03:08 KST 2017 armv8l
PHP version: 7.0.3
Zend version: 3.0.0
OS : Linux, android

Server uptime: 8 seconds
Number of loaded worlds: 0
Players online: 0/50

Loaded plugins:
Donate 3 by Array for API(s) 1.10.0
AntiServerStop 1.1 by paetti for API(s) 1.0.0, 2.0.0, 3.0.0, 3.0.1, 3.1.0, 3.0.0-ALPHA1, 4.0.0, 5.0.0
AntiVoid 1.0.0 by KairusDarkSeeker for API(s) 2.0.0
BuyFly_MCPE14 1 by MCPE14 - LYT for API(s) 2.0.0, 3.0.0, 3.0.0-ALPHA6
Cameraman 1.1 by ChalkPE for API(s) 1.12.0, 1.13.0, 2.0.0
SClearLagg 1 by Sergey_Dertan for API(s) 1.8.0
CustomAlerts 1.6 by EvolSoft for API(s) 3.0.0-ALPHA5, 3.0.0-ALPHA7
EconomyAPI 2.0.9 by onebone for API(s) 1.0.0, 1.1.0, 1.2.0, 1.2.1, 1.3.0, 1.3.1, 1.4.0, 1.4.1
EconomyAuction 2.0.2 by onebone for API(s) 1.0.0, 1.1.0, 1.2.0, 1.2.1, 1.3.0, 1.3.1, 1.4.0, 1.4.1
EconomyJob 2.0.4 by onebone for API(s) 2.0.0, 2.1.0, 3.0.0, 3.0.0-ALPHA6
EconomyLand 2.0.9 by onebone - LYT for API(s) 2.0.0, 3.0.0, 3.0.0-ALPHA6
EconomyPShop 2.0.2 by onebone for API(s) 1.12.0
EconomySell 2.0.7 by onebone for API(s) 1.12.0
EconomyShop 2.0.7 by onebone for API(s) 1.12.0
EconomyUsury 1.0.1 by onebone for API(s) 1.12.0
EssentialsPE 2.0.0 by LegendsOfMCPE Team for API(s) 2.1.0, 2.0.0
FactionsPro 1.3.9 by Tethered_ for API(s) 2.0.0, 3.0.0-ALPHA1, 3.0.0-ALPHA2, 3.0.0-ALPHA3, 3.0.0-ALPHA4, 3.0.0-ALPHA5
FrameKeeper 1.1 by KhoaGamingPro for API(s) 3.0.0, 3.0.1, 3.0.0-ALPHA1, 3.0.0-ALPHA2, 3.0.0-ALPHA3, 3.0.0-ALPHA3, 3.0.0-ALPHA4, 3.0.0-ALPHA5, 3.0.0-ALPHA6
HealthBar 1.0.1 by LegendOfMCPE for API(s) 2.0.0, 3.0.1, 3.0.0-ALPHA1, 3.0.0-ALPHA2, 3.0.0-ALPHA3, 3.0.0-ALPHA4, 3.0.0-ALPHA5, 3.0.0-ALPHA6
iProtector 3.1b by LDX for API(s) 1.9.0, 2.0.0
ItemCloud 1.3 by onebone for API(s) 1.4.0
KillChat 1.0.2.MOD by Array for API(s) 1.9.0, 2.0.0
ManyWorlds 2.2.0dev1 by aliuly for API(s) 2.0.0
MIE_Converter 1.0.1 by FaigerSYS for API(s) 2.0.0, 3.0.0, 3.0.0-ALPHA1, 3.0.0-ALPHA2, 3.0.0-ALPHA3, 3.0.0-ALPHA4, 3.0.0-ALPHA5, 3.0.0-ALPHA6, 3.0.0-ALPHA7
MIE_Protector 1.0.2 by FaigerSYS for API(s) 2.0.0, 3.0.0, 3.0.0-ALPHA1, 3.0.0-ALPHA2, 3.0.0-ALPHA3, 3.0.0-ALPHA4, 3.0.0-ALPHA5, 3.0.0-ALPHA6, 3.0.0-ALPHA7
MSpawns 1.5 by EvolSoft for API(s) 2.0.0, 3.0.0-ALPHA1, 3.0.0-ALPHA2, 3.0.0-ALPHA3, 3.0.0-ALPHA4
muamau 1 by MCPEVN-Team for API(s) 3.0.0
NoDrops 1.1 by SavionLegendZzz, thebigsmileXD for API(s) 1.12.0
OreInstantDrop 1.0 by ScandiePlay for API(s) 1.12.0
ParticlesPlus 0.0.2 by ImagicalGamer for API(s) 1.0.0, 2.0.0, 3.0.0
Fireworks_JJBH 1.0 by Jaciel by Jaciel14 for API(s) 1.12.0
PlayerProfile-DP 1 by KYUMA for API(s) 5.0.0, 4.0.0, 3.0.0, 2.0.0, 1.0.0
PlayerSize 1 by SoiCon for API(s) 3.0.0-ALPHA7
PocketGuard 2.2 by MinecrafterJPN, KhoaGamingPro for API(s) 3.0.0, 3.0.0-ALPHA6
PurePerms 1.3.7 by 64FF00 & ProjectInfinity for API(s) 1.13.0, 2.0.0
RankPoints 1.5.2 by JD for API(s) 3.0.0-ALPHA5, 3.0.0-ALPHA6
RealTime 2.1.1 by Guillaume351 for API(s) 2.0.0, 3.0.0-ALPHA5
REDNoBreak 0.1 by Adam1609 for API(s) 2.0.0
SAC 3.2.5 by DarkWav for API(s) 3.0.0-ALPHA1, 3.0.0-ALPHA2, 3.0.0-ALPHA3, 3.0.0-ALPHA4, 3.0.0-ALPHA5, 3.0.0-ALPHA6, 3.0.0-ALPHA7, 3.0.0-ALPHA8, 3.0.0-ALPHA9, 3.0.0-ALPHA10, 3.0.0
AlwaysSpawn 2.2.2 by Philip Shilling for API(s) 1.12.0
SignEnchant 1.1.1 by FRONGKY for API(s) 1.0.0, 1.1.0, 1.2.0, 1.2.1, 3.0.0-ALPHA6, 3.0.0-ALPHA5, 3.0.0-ALPHA4, 2.0.0
SimpleAuth 1.7.2 by PocketMine Team, shoghicp for API(s) 2.0.0
SimpleAuthHelper 2.0.4 by aliuly for API(s) 2.0.0, 3.0.0-ALPHA7
SimpleRules 1.2 by KhoaGamingPro for API(s) 3.0.0, 3.0.0-ALPHA1, 3.0.0-ALPHA2, 3.0.0-ALPHA3, 3.0.0-ALPHA4
MagicWE 0.2.6 by thebigsmileXD for API(s) 1.13.0, 2.0.0
superBAR 1.6.2 by FaigerSYS, KhoaGamingPro for API(s) 2.0.0, 3.0.0, 3.0.0-ALPHA6
VoteReward 1 by KhoaGaming123 for API(s) 2.0.0, 3.0.0
WorldLoader 1 by KhoaGamingPro for API(s) 3.0.0, 3.0.0-ALPHA6
WorldProtect 2.3.5 by aliuly for API(s) 2.0.0, 3.0.0-ALPHA1, 3.0.0-ALPHA2, 3.0.0-ALPHA3, 3.0.0-ALPHA4, 3.0.0-ALPHA5
AutoMessage 1.16 by SoiCon for API(s) 3.0.0-ALPHA7
Slapper_Việt_Hóa_By_Sói_Con 1.1 by SoiCon for API(s) 3.0.0-ALPHA5, 3.0.0-ALPHA6
SlapperRotation_Việt_Hóa_By_Sói_Con 1.1 by SoiCon for API(s) 3.0.0-ALPHA5, 3.0.0-ALPHA6
ItemEffect 1.0.0 by KairusDarkSeeker for API(s) 3.0.0, 3.0.0-ALPHA5
CratesCMD 2 by DevSML for API(s) 2.0.0, 3.0.0, 3.0.1, 3.0.0-ALPHA1, 3.0.0-ALPHA2, 3.0.0-ALPHA3, 3.0.0-ALPHA4, 3.0.0-ALPHA5, 3.0.0-ALPHA6, 3.0.0-ALPHA7, 3.0.0-ALPHA8, 3.0.0-ALPHA9, 3.0.0-ALPHA10
blockMCPE14 1 by https://vk.com/ifreeze_dev for API(s) 2.0.0
DangnhapOP 1 by KhoaGamingPro for API(s) 3.0.0, 3.0.0-ALPHA5, 3.0.0-ALPHA6
