GenisysPro Crash Dump Mon Jan 1 11:55:32 ICT 2018

Error: stream_set_read_buffer() expects parameter 1 to be resource, boolean given
File: /src/pocketmine/level/format/io/region/RegionLoader
Line: 67
Type: notice

Code:
[58] 		$this->x = $regionX;
[59] 		$this->z = $regionZ;
[60] 		$this->levelProvider = $level;
[61] 		$this->filePath = $this->levelProvider->getPath() . "region/r.$regionX.$regionZ.$fileExtension";
[62] 		$exists = file_exists($this->filePath);
[63] 		if(!$exists){
[64] 			touch($this->filePath);
[65] 		}
[66] 		$this->filePointer = fopen($this->filePath, "r+b");
[67] 		stream_set_read_buffer($this->filePointer, 1024 * 16); //16KB
[68] 		stream_set_write_buffer($this->filePointer, 1024 * 16); //16KB
[69] 		if(!$exists){
[70] 			$this->createBlank();
[71] 		}else{
[72] 			$this->loadLocationTable();
[73] 		}
[74] 
[75] 		$this->lastUsed = time();
[76] 	}
[77] 

Backtrace:
#0 /src/pocketmine/level/format/io/region/McRegion(521): pocketmine\level\format\io\region\RegionLoader->__construct(pocketmine\level\format\io\region\PMAnvil object, integer 0, integer -1, string mcapm)
#1 /src/pocketmine/level/format/io/region/McRegion(387): pocketmine\level\format\io\region\McRegion->loadRegion(integer 0, integer -1)
#2 /src/pocketmine/level/format/io/region/McRegion(320): pocketmine\level\format\io\region\McRegion->loadChunk(integer 1, integer -1, boolean )
#3 /src/pocketmine/level/Level(2730): pocketmine\level\format\io\region\McRegion->getChunk(integer 1, integer -1, boolean )
#4 /src/pocketmine/level/Level(2304): pocketmine\level\Level->loadChunk(integer 1, integer -1, boolean )
#5 /src/pocketmine/level/generator/PopulationTask(64): pocketmine\level\Level->getChunk(integer 1, integer -1, boolean )
#6 /src/pocketmine/level/Level(3010): pocketmine\level\generator\PopulationTask->__construct(pocketmine\level\Level object, pocketmine\level\format\Chunk object)
#7 /src/pocketmine/Player(1030): pocketmine\level\Level->populateChunk(integer 2, integer 0)
#8 /src/pocketmine/Player(2099): pocketmine\Player->sendNextChunk(boolean)
#9 /src/pocketmine/Server(2831): pocketmine\Player->checkNetwork(boolean)
#10 /src/pocketmine/Server(2548): pocketmine\Server->tick(boolean)
#11 /src/pocketmine/Server(2426): pocketmine\Server->tickProcessor(boolean)
#12 /src/pocketmine/Server(1997): pocketmine\Server->start(boolean)
#13 /src/pocketmine/PocketMine(492): pocketmine\Server->__construct(BaseClassLoader object, pocketmine\utils\MainLogger object, string phar:///storage/emulated/0/PocketMine/PocketMine-MP.phar/, string /storage/emulated/0/PocketMine/, string /storage/emulated/0/PocketMine/plugins/)
#14 (1): require_once(string phar:///storage/emulated/0/PocketMine/PocketMine-MP.phar/src/pocketmine/PocketMine.php)

GenisysPro version: 0000000000000000000000000000000000000000 [Protocol 113; API 3.0.1]
uname -a: Linux localhost 3.18.14-12149057 #1 SMP PREEMPT Fri Nov 10 12:03:08 KST 2017 armv8l
PHP version: 7.0.3
Zend version: 3.0.0
OS : Linux, android

Server uptime: 16 hours 49 minutes 31 seconds
Number of loaded worlds: 8
Players online: 4/50

Loaded plugins:
Donate 3 by Array for API(s) 1.10.0
AntiServerStop 1.1 by paetti for API(s) 1.0.0, 2.0.0, 3.0.0, 3.0.1, 3.1.0, 3.0.0-ALPHA1, 4.0.0, 5.0.0
AntiVoid 1.0.0 by KairusDarkSeeker for API(s) 2.0.0
BuyFly_MCPE14 1 by MCPE14 - LYT for API(s) 2.0.0, 3.0.0, 3.0.0-ALPHA6
Cameraman 1.1 by ChalkPE for API(s) 1.12.0, 1.13.0, 2.0.0
SClearLagg 1 by Sergey_Dertan for API(s) 1.8.0
CustomAlerts 1.6 by EvolSoft for API(s) 3.0.0-ALPHA5, 3.0.0-ALPHA7
EconomyAPI 2.0.9 by onebone for API(s) 1.0.0, 1.1.0, 1.2.0, 1.2.1, 1.3.0, 1.3.1, 1.4.0, 1.4.1
EconomyAuction 2.0.2 by onebone for API(s) 1.0.0, 1.1.0, 1.2.0, 1.2.1, 1.3.0, 1.3.1, 1.4.0, 1.4.1
EconomyJob 2.0.4 by onebone for API(s) 2.0.0, 2.1.0, 3.0.0, 3.0.0-ALPHA6
EconomyLand 2.0.9 by onebone - LYT for API(s) 2.0.0, 3.0.0, 3.0.0-ALPHA6
EconomyPShop 2.0.2 by onebone for API(s) 1.12.0
EconomySell 2.0.7 by onebone for API(s) 1.12.0
EconomyShop 2.0.7 by onebone for API(s) 1.12.0
EconomyUsury 1.0.1 by onebone for API(s) 1.12.0
EssentialsPE 2.0.0 by LegendsOfMCPE Team for API(s) 2.1.0, 2.0.0
FactionsPro 1.3.9 by Tethered_ for API(s) 2.0.0, 3.0.0-ALPHA1, 3.0.0-ALPHA2, 3.0.0-ALPHA3, 3.0.0-ALPHA4, 3.0.0-ALPHA5
FrameKeeper 1.1 by KhoaGamingPro for API(s) 3.0.0, 3.0.1, 3.0.0-ALPHA1, 3.0.0-ALPHA2, 3.0.0-ALPHA3, 3.0.0-ALPHA3, 3.0.0-ALPHA4, 3.0.0-ALPHA5, 3.0.0-ALPHA6
HealthBar 1.0.1 by LegendOfMCPE for API(s) 2.0.0, 3.0.1, 3.0.0-ALPHA1, 3.0.0-ALPHA2, 3.0.0-ALPHA3, 3.0.0-ALPHA4, 3.0.0-ALPHA5, 3.0.0-ALPHA6
iProtector 3.1b by LDX for API(s) 1.9.0, 2.0.0
ItemCloud 1.3 by onebone for API(s) 1.4.0
KillChat 1.0.2.MOD by Array for API(s) 1.9.0, 2.0.0
ManyWorlds 2.2.0dev1 by aliuly for API(s) 2.0.0
MIE_Converter 1.0.1 by FaigerSYS for API(s) 2.0.0, 3.0.0, 3.0.0-ALPHA1, 3.0.0-ALPHA2, 3.0.0-ALPHA3, 3.0.0-ALPHA4, 3.0.0-ALPHA5, 3.0.0-ALPHA6, 3.0.0-ALPHA7
MIE_Protector 1.0.2 by FaigerSYS for API(s) 2.0.0, 3.0.0, 3.0.0-ALPHA1, 3.0.0-ALPHA2, 3.0.0-ALPHA3, 3.0.0-ALPHA4, 3.0.0-ALPHA5, 3.0.0-ALPHA6, 3.0.0-ALPHA7
MSpawns 1.5 by EvolSoft for API(s) 2.0.0, 3.0.0-ALPHA1, 3.0.0-ALPHA2, 3.0.0-ALPHA3, 3.0.0-ALPHA4
muamau 1 by MCPEVN-Team for API(s) 3.0.0
NoDrops 1.1 by SavionLegendZzz, thebigsmileXD for API(s) 1.12.0
OreInstantDrop 1.0 by ScandiePlay for API(s) 1.12.0
ParticlesPlus 0.0.2 by ImagicalGamer for API(s) 1.0.0, 2.0.0, 3.0.0
Fireworks_JJBH 1.0 by Jaciel by Jaciel14 for API(s) 1.12.0
PlayerProfile-DP 1 by KYUMA for API(s) 5.0.0, 4.0.0, 3.0.0, 2.0.0, 1.0.0
PlayerSize 1 by SoiCon for API(s) 3.0.0-ALPHA7
PocketGuard 2.2 by MinecrafterJPN, KhoaGamingPro for API(s) 3.0.0, 3.0.0-ALPHA6
PurePerms 1.3.7 by 64FF00 & ProjectInfinity for API(s) 1.13.0, 2.0.0
RankPoints 1.5.2 by JD for API(s) 3.0.0-ALPHA5, 3.0.0-ALPHA6
RealTime 2.1.1 by Guillaume351 for API(s) 2.0.0, 3.0.0-ALPHA5
REDNoBreak 0.1 by Adam1609 for API(s) 2.0.0
SAC 3.2.5 by DarkWav for API(s) 3.0.0-ALPHA1, 3.0.0-ALPHA2, 3.0.0-ALPHA3, 3.0.0-ALPHA4, 3.0.0-ALPHA5, 3.0.0-ALPHA6, 3.0.0-ALPHA7, 3.0.0-ALPHA8, 3.0.0-ALPHA9, 3.0.0-ALPHA10, 3.0.0
AlwaysSpawn 2.2.2 by Philip Shilling for API(s) 1.12.0
SignEnchant 1.1.1 by FRONGKY for API(s) 1.0.0, 1.1.0, 1.2.0, 1.2.1, 3.0.0-ALPHA6, 3.0.0-ALPHA5, 3.0.0-ALPHA4, 2.0.0
SimpleAuth 1.7.2 by PocketMine Team, shoghicp for API(s) 2.0.0
SimpleAuthHelper 2.0.4 by aliuly for API(s) 2.0.0, 3.0.0-ALPHA7
SimpleRules 1.2 by KhoaGamingPro for API(s) 3.0.0, 3.0.0-ALPHA1, 3.0.0-ALPHA2, 3.0.0-ALPHA3, 3.0.0-ALPHA4
MagicWE 0.2.6 by thebigsmileXD for API(s) 1.13.0, 2.0.0
superBAR 1.6.2 by FaigerSYS, KhoaGamingPro for API(s) 2.0.0, 3.0.0, 3.0.0-ALPHA6
Trade 1 by Minuha for API(s) 2.0.0, 3.0.0
VoteReward 1 by KhoaGaming123 for API(s) 2.0.0, 3.0.0
WorldLoader 1 by KhoaGamingPro for API(s) 3.0.0, 3.0.0-ALPHA6
WorldProtect 2.3.5 by aliuly for API(s) 2.0.0, 3.0.0-ALPHA1, 3.0.0-ALPHA2, 3.0.0-ALPHA3, 3.0.0-ALPHA4, 3.0.0-ALPHA5
AutoMessage 1.16 by SoiCon for API(s) 3.0.0-ALPHA7
Slapper_Việt_Hóa_By_Sói_Con 1.1 by SoiCon for API(s) 3.0.0-ALPHA5, 3.0.0-ALPHA6
SlapperRotation_Việt_Hóa_By_Sói_Con 1.1 by SoiCon for API(s) 3.0.0-ALPHA5, 3.0.0-ALPHA6
ItemEffect 1.0.0 by KairusDarkSeeker for API(s) 3.0.0, 3.0.0-ALPHA5
DangnhapOP 1 by KhoaGamingPro for API(s) 3.0.0, 3.0.0-ALPHA5, 3.0.0-ALPHA6
MineLEVEL 1 by XxBoomer for API(s) 3.0.0, 2.0.0, 3.0.0-ALPHA7, 3.0.0-ALPHA8, 3.0.0-ALPHA9, 3.0.0-ALPHA10, 3.0.0-ALPHA11
BuyEnchant 1 by  for API(s) 2.0.0
EconomyAirport 2.0.4 by onebone for API(s) 1.12.0
GrabBag 2.3.0 by aliuly for API(s) 1.10.0, 1.11.0, 1.12.0
WalkingParticles 2.2.4 by hoyinm14mc for API(s) 1.13.0, 1.13.1, 1.14.0
PureChat 1.4.0 by 64FF00 for API(s) 3.0.0-ALPHA5, 3.0.0-ALPHA6, 3.0.0-ALPHA7
SkyBlock 2 by no name (edit by hugoDZgamer) for API(s) 3.0.1
